build/app/intermediates/manifest_merge_blame_file/release/manifest-merger-blame-release-report.txt
1<?xml version="1.0" encoding="utf-8"?>
2<manifest xmlns:android="http://schemas.android.com/apk/res/android"
3    package="com.example.customers_app"
4    android:versionCode="1"
5    android:versionName="1.0.0" >
6
7    <uses-sdk
8        android:minSdkVersion="20"
8-->src\main\AndroidManifest.xml
9        android:targetSdkVersion="29" />
9-->src\main\AndroidManifest.xml
10
11    <uses-permission android:name="android.permission.READ_EXTERNAL_STORAGE" />
11-->[:file_picker] AndroidManifest.xml:7:5-80
11-->[:file_picker] AndroidManifest.xml:7:22-77
12
13    <queries>
13-->[:file_picker] AndroidManifest.xml:9:5-15:15
14        <intent>
14-->[:file_picker] AndroidManifest.xml:10:9-14:18
15            <action android:name="android.intent.action.GET_CONTENT" />
15-->[:file_picker] AndroidManifest.xml:11:13-72
15-->[:file_picker] AndroidManifest.xml:11:21-69
16
17            <data android:mimeType="*/*" />
17-->[:file_picker] AndroidManifest.xml:13:13-44
17-->[:file_picker] AndroidManifest.xml:13:19-41
18        </intent>
19    </queries>
20
21    <uses-permission android:name="android.permission.WRITE_EXTERNAL_STORAGE" />
21-->[:image_picker] AndroidManifest.xml:8:5-81
21-->[:image_picker] AndroidManifest.xml:8:22-78
22    <uses-permission android:name="android.permission.INTERNET" />
22-->[com.razorpay:checkout:1.6.10] AndroidManifest.xml:9:5-67
22-->[com.razorpay:checkout:1.6.10] AndroidManifest.xml:9:22-64
23    <!--
24 io.flutter.app.FlutterApplication is an android.app.Application that
25         calls FlutterMain.startInitialization(this); in its onCreate method.
26         In most cases you can leave this as-is, but you if you want to provide
27         additional functionality it is fine to subclass or reimplement
28         FlutterApplication and put your custom class here.
29    -->
30    <application
30-->src\main\AndroidManifest.xml:8:5-50:19
31        android:name="io.flutter.app.FlutterApplication"
31-->src\main\AndroidManifest.xml:9:9-57
32        android:appComponentFactory="androidx.core.app.CoreComponentFactory"
32-->[androidx.core:core:1.5.0] AndroidManifest.xml:24:18-86
33        android:icon="@mipmap/ic_launcher"
33-->src\main\AndroidManifest.xml:11:9-43
34        android:label="customers_app" >
34-->src\main\AndroidManifest.xml:10:9-38
35        <activity
35-->src\main\AndroidManifest.xml:12:9-40:20
36            android:name="com.example.customers_app.MainActivity"
36-->src\main\AndroidManifest.xml:13:13-41
37            android:configChanges="orientation|keyboardHidden|keyboard|screenSize|smallestScreenSize|locale|layoutDirection|fontScale|screenLayout|density|uiMode"
37-->src\main\AndroidManifest.xml:16:13-163
38            android:hardwareAccelerated="true"
38-->src\main\AndroidManifest.xml:17:13-47
39            android:launchMode="singleTop"
39-->src\main\AndroidManifest.xml:14:13-43
40            android:theme="@style/LaunchTheme"
40-->src\main\AndroidManifest.xml:15:13-47
41            android:windowSoftInputMode="adjustResize" >
41-->src\main\AndroidManifest.xml:18:13-55
42
43            <!--
44                 Specifies an Android theme to apply to this Activity as soon as
45                 the Android process has started. This theme is visible to the user
46                 while the Flutter UI initializes. After that, this theme continues
47                 to determine the Window background behind the Flutter UI.
48            -->
49            <meta-data
49-->src\main\AndroidManifest.xml:23:13-26:17
50                android:name="io.flutter.embedding.android.NormalTheme"
50-->src\main\AndroidManifest.xml:24:15-70
51                android:resource="@style/NormalTheme" />
51-->src\main\AndroidManifest.xml:25:15-52
52            <!--
53                 Displays an Android View that continues showing the launch screen
54                 Drawable until Flutter paints its first frame, then this splash
55                 screen fades out. A splash screen is useful to avoid any visual
56                 gap between the end of Android's launch screen and the painting of
57                 Flutter's first frame.
58            -->
59            <meta-data
59-->src\main\AndroidManifest.xml:32:13-35:17
60                android:name="io.flutter.embedding.android.SplashScreenDrawable"
60-->src\main\AndroidManifest.xml:33:15-79
61                android:resource="@drawable/launch_background" />
61-->src\main\AndroidManifest.xml:34:15-61
62
63            <intent-filter>
63-->src\main\AndroidManifest.xml:36:13-39:29
64                <action android:name="android.intent.action.MAIN" />
64-->src\main\AndroidManifest.xml:37:17-68
64-->src\main\AndroidManifest.xml:37:25-66
65
66                <category android:name="android.intent.category.LAUNCHER" />
66-->src\main\AndroidManifest.xml:38:17-76
66-->src\main\AndroidManifest.xml:38:27-74
67            </intent-filter>
68        </activity>
69        <activity
69-->src\main\AndroidManifest.xml:41:9-44:71
70            android:name="com.yalantis.ucrop.UCropActivity"
70-->src\main\AndroidManifest.xml:42:13-60
71            android:screenOrientation="portrait"
71-->src\main\AndroidManifest.xml:43:13-49
72            android:theme="@style/Theme.AppCompat.Light.NoActionBar" />
72-->src\main\AndroidManifest.xml:44:13-69
73        <!--
74             Don't delete the meta-data below.
75             This is used by the Flutter tool to generate GeneratedPluginRegistrant.java
76        -->
77        <meta-data
77-->src\main\AndroidManifest.xml:47:9-49:33
78            android:name="flutterEmbedding"
78-->src\main\AndroidManifest.xml:48:13-44
79            android:value="2" />
79-->src\main\AndroidManifest.xml:49:13-30
80
81        <activity
81-->[:razorpay_flutter] AndroidManifest.xml:8:9-11:20
82            android:name="com.razorpay.CheckoutActivity"
82-->[:razorpay_flutter] AndroidManifest.xml:9:13-57
83            android:configChanges="keyboard|keyboardHidden|orientation|screenSize"
83-->[com.razorpay:checkout:1.6.10] AndroidManifest.xml:20:13-83
84            android:label="Razorpay Checkout"
84-->[:razorpay_flutter] AndroidManifest.xml:10:13-46
85            android:theme="@style/CheckoutTheme" >
85-->[com.razorpay:checkout:1.6.10] AndroidManifest.xml:21:13-49
86            <intent-filter>
86-->[com.razorpay:checkout:1.6.10] AndroidManifest.xml:22:13-28:29
87                <action android:name="android.intent.action.MAIN" />
87-->src\main\AndroidManifest.xml:37:17-68
87-->src\main\AndroidManifest.xml:37:25-66
88
89                <data
89-->[:file_picker] AndroidManifest.xml:13:13-44
90                    android:host="rzp.io"
91                    android:scheme="io.rzp" />
92            </intent-filter>
93        </activity>
94
95        <provider
95-->[:image_picker] AndroidManifest.xml:11:9-19:20
96            android:name="io.flutter.plugins.imagepicker.ImagePickerFileProvider"
96-->[:image_picker] AndroidManifest.xml:12:13-82
97            android:authorities="com.example.customers_app.flutter.image_provider"
97-->[:image_picker] AndroidManifest.xml:13:13-74
98            android:exported="false"
98-->[:image_picker] AndroidManifest.xml:14:13-37
99            android:grantUriPermissions="true" >
99-->[:image_picker] AndroidManifest.xml:15:13-47
100            <meta-data
100-->[:image_picker] AndroidManifest.xml:16:13-18:75
101                android:name="android.support.FILE_PROVIDER_PATHS"
101-->[:image_picker] AndroidManifest.xml:17:17-67
102                android:resource="@xml/flutter_image_picker_file_paths" />
102-->[:image_picker] AndroidManifest.xml:18:17-72
103        </provider>
104
105        <receiver android:name="com.razorpay.RzpTokenReceiver" >
105-->[com.razorpay:checkout:1.6.10] AndroidManifest.xml:12:9-16:20
105-->[com.razorpay:checkout:1.6.10] AndroidManifest.xml:12:19-63
106            <intent-filter>
106-->[com.razorpay:checkout:1.6.10] AndroidManifest.xml:13:13-15:29
107                <action android:name="rzp.device_token.share" />
107-->[com.razorpay:checkout:1.6.10] AndroidManifest.xml:14:17-65
107-->[com.razorpay:checkout:1.6.10] AndroidManifest.xml:14:25-62
108            </intent-filter>
109        </receiver>
110
111        <activity
111-->[com.google.android.gms:play-services-auth:17.0.0] AndroidManifest.xml:23:9-27:75
112            android:name="com.google.android.gms.auth.api.signin.internal.SignInHubActivity"
112-->[com.google.android.gms:play-services-auth:17.0.0] AndroidManifest.xml:24:13-93
113            android:excludeFromRecents="true"
113-->[com.google.android.gms:play-services-auth:17.0.0] AndroidManifest.xml:25:13-46
114            android:exported="false"
114-->[com.google.android.gms:play-services-auth:17.0.0] AndroidManifest.xml:26:13-37
115            android:theme="@android:style/Theme.Translucent.NoTitleBar" />
115-->[com.google.android.gms:play-services-auth:17.0.0] AndroidManifest.xml:27:13-72
116        <!--
117            Service handling Google Sign-In user revocation. For apps that do not integrate with
118            Google Sign-In, this service will never be started.
119        -->
120        <service
120-->[com.google.android.gms:play-services-auth:17.0.0] AndroidManifest.xml:33:9-36:110
121            android:name="com.google.android.gms.auth.api.signin.RevocationBoundService"
121-->[com.google.android.gms:play-services-auth:17.0.0] AndroidManifest.xml:34:13-89
122            android:exported="true"
122-->[com.google.android.gms:play-services-auth:17.0.0] AndroidManifest.xml:35:13-36
123            android:permission="com.google.android.gms.auth.api.signin.permission.REVOCATION_NOTIFICATION" />
123-->[com.google.android.gms:play-services-auth:17.0.0] AndroidManifest.xml:36:13-107
124
125        <activity
125-->[com.google.android.gms:play-services-base:17.0.0] AndroidManifest.xml:23:9-26:75
126            android:name="com.google.android.gms.common.api.GoogleApiActivity"
126-->[com.google.android.gms:play-services-base:17.0.0] AndroidManifest.xml:24:13-79
127            android:exported="false"
127-->[com.google.android.gms:play-services-base:17.0.0] AndroidManifest.xml:25:13-37
128            android:theme="@android:style/Theme.Translucent.NoTitleBar" />
128-->[com.google.android.gms:play-services-base:17.0.0] AndroidManifest.xml:26:13-72
129
130        <meta-data
130-->[com.google.android.gms:play-services-basement:17.0.0] AndroidManifest.xml:23:9-25:69
131            android:name="com.google.android.gms.version"
131-->[com.google.android.gms:play-services-basement:17.0.0] AndroidManifest.xml:24:13-58
132            android:value="@integer/google_play_services_version" />
132-->[com.google.android.gms:play-services-basement:17.0.0] AndroidManifest.xml:25:13-66
133    </application>
134
135</manifest>